TN:
SF:src/app.ts
FN:31,(anonymous_2)
FN:37,(anonymous_3)
FNF:2
FNH:1
FNDA:0,(anonymous_2)
FNDA:1,(anonymous_3)
DA:1,1
DA:2,1
DA:3,1
DA:4,1
DA:5,1
DA:6,1
DA:7,1
DA:8,1
DA:9,1
DA:11,1
DA:13,1
DA:19,1
DA:20,1
DA:22,1
DA:23,1
DA:24,1
DA:26,1
DA:27,1
DA:28,1
DA:29,1
DA:31,1
DA:32,0
DA:35,1
DA:37,1
DA:38,1
DA:41,7
LF:26
LH:25
BRDA:14,0,0,1
BRDA:14,0,1,1
BRDA:20,1,0,1
BRDA:20,1,1,1
BRF:4
BRH:4
end_of_record
TN:
SF:src/auth/auth.controller.ts
FN:4,(anonymous_3)
FN:32,(anonymous_4)
FNF:2
FNH:2
FNDA:3,(anonymous_3)
FNDA:1,(anonymous_4)
DA:2,1
DA:4,1
DA:9,3
DA:10,3
DA:12,3
DA:13,1
DA:14,1
DA:17,2
DA:19,1
DA:26,1
DA:28,1
DA:32,1
DA:33,1
DA:38,1
LF:14
LH:14
BRDA:12,0,0,1
BRDA:12,1,0,3
BRDA:12,1,1,3
BRF:3
BRH:3
end_of_record
TN:
SF:src/auth/auth.middleware.ts
FN:9,(anonymous_4)
FN:30,(anonymous_5)
FNF:2
FNH:2
FNDA:3,(anonymous_4)
FNDA:2,(anonymous_5)
DA:2,1
DA:9,5
DA:14,3
DA:16,3
DA:17,1
DA:18,1
DA:21,2
DA:22,2
DA:23,2
DA:24,2
DA:26,0
DA:30,5
DA:35,2
DA:36,1
DA:37,1
DA:39,1
LF:16
LH:15
BRDA:16,0,0,1
BRDA:35,1,0,1
BRF:2
BRH:2
end_of_record
TN:
SF:src/auth/auth.routes.ts
FN:7,(anonymous_1)
FNF:1
FNH:1
FNDA:1,(anonymous_1)
DA:1,1
DA:2,1
DA:3,1
DA:5,1
DA:7,1
DA:8,1
DA:12,1
DA:13,1
LF:8
LH:8
BRF:0
BRH:0
end_of_record
TN:
SF:src/auth/auth.service.ts
FN:6,(anonymous_2)
FNF:1
FNH:1
FNDA:5,(anonymous_2)
DA:1,2
DA:2,2
DA:3,2
DA:5,5
DA:7,5
DA:9,5
DA:10,1
DA:13,4
DA:14,4
DA:15,2
DA:18,2
DA:24,2
LF:12
LH:12
BRDA:9,0,0,1
BRDA:14,1,0,2
BRF:2
BRH:2
end_of_record
TN:
SF:src/middleware/error.middleware.ts
FN:7,(anonymous_1)
FNF:1
FNH:0
FNDA:0,(anonymous_1)
DA:7,1
DA:13,0
DA:14,0
DA:16,0
DA:18,0
LF:5
LH:1
BRDA:13,0,0,0
BRDA:13,0,1,0
BRDA:14,1,0,0
BRDA:14,1,1,0
BRF:4
BRH:0
end_of_record
TN:
SF:src/projects/projects.controller.ts
FN:4,(anonymous_5)
FN:16,(anonymous_6)
FN:35,(anonymous_7)
FN:54,(anonymous_8)
FNF:4
FNH:0
FNDA:0,(anonymous_5)
FNDA:0,(anonymous_6)
FNDA:0,(anonymous_7)
FNDA:0,(anonymous_8)
DA:2,1
DA:4,1
DA:9,0
DA:10,0
DA:12,0
DA:16,1
DA:21,0
DA:22,0
DA:24,0
DA:25,0
DA:26,0
DA:29,0
DA:31,0
DA:35,1
DA:40,0
DA:41,0
DA:43,0
DA:44,0
DA:45,0
DA:48,0
DA:50,0
DA:54,1
DA:59,0
DA:60,0
DA:61,0
DA:63,0
LF:26
LH:5
BRDA:24,0,0,0
BRDA:43,1,0,0
BRF:2
BRH:0
end_of_record
TN:
SF:src/projects/projects.routes.ts
FNF:0
FNH:0
DA:1,1
DA:2,1
DA:3,1
DA:5,1
DA:7,1
DA:8,1
DA:9,1
DA:10,1
LF:8
LH:8
BRF:0
BRH:0
end_of_record
TN:
SF:src/projects/projects.service.ts
FN:6,(anonymous_2)
FN:17,(anonymous_3)
FN:23,(anonymous_4)
FN:30,(anonymous_5)
FNF:4
FNH:4
FNDA:1,(anonymous_2)
FNDA:1,(anonymous_3)
FNDA:1,(anonymous_4)
FNDA:1,(anonymous_5)
DA:2,2
DA:4,4
DA:7,1
DA:18,1
DA:24,1
DA:31,1
LF:6
LH:6
BRF:0
BRH:0
end_of_record
TN:
SF:src/scores/scores.controller.ts
FN:6,(anonymous_5)
FN:18,(anonymous_6)
FN:30,(anonymous_7)
FN:54,(anonymous_8)
FNF:4
FNH:0
FNDA:0,(anonymous_5)
FNDA:0,(anonymous_6)
FNDA:0,(anonymous_7)
FNDA:0,(anonymous_8)
DA:2,1
DA:6,1
DA:11,0
DA:12,0
DA:14,0
DA:18,1
DA:23,0
DA:24,0
DA:26,0
DA:30,1
DA:35,0
DA:36,0
DA:38,0
DA:39,0
DA:40,0
DA:43,0
DA:44,0
DA:45,0
DA:48,0
DA:50,0
DA:54,1
DA:59,0
DA:60,0
DA:61,0
DA:63,0
LF:25
LH:5
BRDA:38,0,0,0
BRDA:38,1,0,0
BRDA:38,1,1,0
BRDA:43,2,0,0
BRDA:43,3,0,0
BRDA:43,3,1,0
BRDA:48,4,0,0
BRDA:48,4,1,0
BRF:8
BRH:0
end_of_record
TN:
SF:src/scores/scores.routes.ts
FNF:0
FNH:0
DA:1,1
DA:2,1
DA:3,1
DA:5,1
DA:7,1
DA:8,1
DA:9,1
DA:10,1
LF:8
LH:8
BRF:0
BRH:0
end_of_record
TN:
SF:src/scores/scores.service.ts
FN:8,(anonymous_2)
FN:15,(anonymous_3)
FN:23,(anonymous_4)
FN:33,(anonymous_5)
FNF:4
FNH:4
FNDA:2,(anonymous_2)
FNDA:1,(anonymous_3)
FNDA:2,(anonymous_4)
FNDA:2,(anonymous_5)
DA:2,2
DA:6,7
DA:9,2
DA:16,1
DA:24,2
DA:34,2
LF:6
LH:6
BRDA:23,0,0,1
BRF:1
BRH:1
end_of_record
